Analysis & Synthesis report for writeToSD
Sat Jul 19 18:45:53 2014
Quartus II 64-Bit Version 13.0.1 Build 232 06/12/2013 Service Pack 1 SJ Web Edition


---------------------
; Table of Contents ;
---------------------
  1. Legal Notice
  2. Analysis & Synthesis Summary
  3. Analysis & Synthesis Settings
  4. Parallel Compilation
  5. Analysis & Synthesis Source Files Read
  6. Analysis & Synthesis Resource Usage Summary
  7. Analysis & Synthesis Resource Utilization by Entity
  8. Registers Removed During Synthesis
  9. Removed Registers Triggering Further Register Optimizations
 10. General Register Statistics
 11. Inverted Register Statistics
 12. Multiplexer Restructuring Statistics (Restructuring Performed)
 13. Port Connectivity Checks: "writeData:wrtSD"
 14. Port Connectivity Checks: "clkDivider:clkDiv"
 15. Elapsed Time Per Partition
 16. Analysis & Synthesis Messages



----------------
; Legal Notice ;
----------------
Copyright (C) 1991-2013 Altera Corporation
Your use of Altera Corporation's design tools, logic functions 
and other software and tools, and its AMPP partner logic 
functions, and any output files from any of the foregoing 
(including device programming or simulation files), and any 
associated documentation or information are expressly subject 
to the terms and conditions of the Altera Program License 
Subscription Agreement, Altera MegaCore Function License 
Agreement, or other applicable license agreement, including, 
without limitation, that your use is for the sole purpose of 
programming logic devices manufactured by Altera and sold by 
Altera or its authorized distributors.  Please refer to the 
applicable agreement for further details.



+--------------------------------------------------------------------------------------+
; Analysis & Synthesis Summary                                                         ;
+------------------------------------+-------------------------------------------------+
; Analysis & Synthesis Status        ; Successful - Sat Jul 19 18:45:53 2014           ;
; Quartus II 64-Bit Version          ; 13.0.1 Build 232 06/12/2013 SP 1 SJ Web Edition ;
; Revision Name                      ; writeToSD                                       ;
; Top-level Entity Name              ; writeToSD                                       ;
; Family                             ; Cyclone II                                      ;
; Total logic elements               ; 561                                             ;
;     Total combinational functions  ; 561                                             ;
;     Dedicated logic registers      ; 175                                             ;
; Total registers                    ; 175                                             ;
; Total pins                         ; 45                                              ;
; Total virtual pins                 ; 0                                               ;
; Total memory bits                  ; 0                                               ;
; Embedded Multiplier 9-bit elements ; 0                                               ;
; Total PLLs                         ; 0                                               ;
+------------------------------------+-------------------------------------------------+


+----------------------------------------------------------------------------------------------------------------------+
; Analysis & Synthesis Settings                                                                                        ;
+----------------------------------------------------------------------------+--------------------+--------------------+
; Option                                                                     ; Setting            ; Default Value      ;
+----------------------------------------------------------------------------+--------------------+--------------------+
; Device                                                                     ; EP2C35F672C6       ;                    ;
; Top-level entity name                                                      ; writeToSD          ; writeToSD          ;
; Family name                                                                ; Cyclone II         ; Cyclone IV GX      ;
; Use smart compilation                                                      ; Off                ; Off                ;
; Enable parallel Assembler and TimeQuest Timing Analyzer during compilation ; On                 ; On                 ;
; Enable compact report table                                                ; Off                ; Off                ;
; Restructure Multiplexers                                                   ; Auto               ; Auto               ;
; Create Debugging Nodes for IP Cores                                        ; Off                ; Off                ;
; Preserve fewer node names                                                  ; On                 ; On                 ;
; Disable OpenCore Plus hardware evaluation                                  ; Off                ; Off                ;
; Verilog Version                                                            ; Verilog_2001       ; Verilog_2001       ;
; VHDL Version                                                               ; VHDL_1993          ; VHDL_1993          ;
; State Machine Processing                                                   ; Auto               ; Auto               ;
; Safe State Machine                                                         ; Off                ; Off                ;
; Extract Verilog State Machines                                             ; On                 ; On                 ;
; Extract VHDL State Machines                                                ; On                 ; On                 ;
; Ignore Verilog initial constructs                                          ; Off                ; Off                ;
; Iteration limit for constant Verilog loops                                 ; 5000               ; 5000               ;
; Iteration limit for non-constant Verilog loops                             ; 250                ; 250                ;
; Add Pass-Through Logic to Inferred RAMs                                    ; On                 ; On                 ;
; Infer RAMs from Raw Logic                                                  ; On                 ; On                 ;
; Parallel Synthesis                                                         ; On                 ; On                 ;
; DSP Block Balancing                                                        ; Auto               ; Auto               ;
; NOT Gate Push-Back                                                         ; On                 ; On                 ;
; Power-Up Don't Care                                                        ; On                 ; On                 ;
; Remove Redundant Logic Cells                                               ; Off                ; Off                ;
; Remove Duplicate Registers                                                 ; On                 ; On                 ;
; Ignore CARRY Buffers                                                       ; Off                ; Off                ;
; Ignore CASCADE Buffers                                                     ; Off                ; Off                ;
; Ignore GLOBAL Buffers                                                      ; Off                ; Off                ;
; Ignore ROW GLOBAL Buffers                                                  ; Off                ; Off                ;
; Ignore LCELL Buffers                                                       ; Off                ; Off                ;
; Ignore SOFT Buffers                                                        ; On                 ; On                 ;
; Limit AHDL Integers to 32 Bits                                             ; Off                ; Off                ;
; Optimization Technique                                                     ; Balanced           ; Balanced           ;
; Carry Chain Length                                                         ; 70                 ; 70                 ;
; Auto Carry Chains                                                          ; On                 ; On                 ;
; Auto Open-Drain Pins                                                       ; On                 ; On                 ;
; Perform WYSIWYG Primitive Resynthesis                                      ; Off                ; Off                ;
; Auto ROM Replacement                                                       ; On                 ; On                 ;
; Auto RAM Replacement                                                       ; On                 ; On                 ;
; Auto Shift Register Replacement                                            ; Auto               ; Auto               ;
; Allow Shift Register Merging across Hierarchies                            ; Auto               ; Auto               ;
; Auto Clock Enable Replacement                                              ; On                 ; On                 ;
; Strict RAM Replacement                                                     ; Off                ; Off                ;
; Allow Synchronous Control Signals                                          ; On                 ; On                 ;
; Force Use of Synchronous Clear Signals                                     ; Off                ; Off                ;
; Auto RAM to Logic Cell Conversion                                          ; Off                ; Off                ;
; Auto Resource Sharing                                                      ; Off                ; Off                ;
; Allow Any RAM Size For Recognition                                         ; Off                ; Off                ;
; Allow Any ROM Size For Recognition                                         ; Off                ; Off                ;
; Allow Any Shift Register Size For Recognition                              ; Off                ; Off                ;
; Use LogicLock Constraints during Resource Balancing                        ; On                 ; On                 ;
; Ignore translate_off and synthesis_off directives                          ; Off                ; Off                ;
; Timing-Driven Synthesis                                                    ; Off                ; Off                ;
; Report Parameter Settings                                                  ; On                 ; On                 ;
; Report Source Assignments                                                  ; On                 ; On                 ;
; Report Connectivity Checks                                                 ; On                 ; On                 ;
; Ignore Maximum Fan-Out Assignments                                         ; Off                ; Off                ;
; Synchronization Register Chain Length                                      ; 2                  ; 2                  ;
; PowerPlay Power Optimization                                               ; Normal compilation ; Normal compilation ;
; HDL message level                                                          ; Level2             ; Level2             ;
; Suppress Register Optimization Related Messages                            ; Off                ; Off                ;
; Number of Removed Registers Reported in Synthesis Report                   ; 5000               ; 5000               ;
; Number of Swept Nodes Reported in Synthesis Report                         ; 5000               ; 5000               ;
; Number of Inverted Registers Reported in Synthesis Report                  ; 100                ; 100                ;
; Clock MUX Protection                                                       ; On                 ; On                 ;
; Auto Gated Clock Conversion                                                ; Off                ; Off                ;
; Block Design Naming                                                        ; Auto               ; Auto               ;
; SDC constraint protection                                                  ; Off                ; Off                ;
; Synthesis Effort                                                           ; Auto               ; Auto               ;
; Shift Register Replacement - Allow Asynchronous Clear Signal               ; On                 ; On                 ;
; Pre-Mapping Resynthesis Optimization                                       ; Off                ; Off                ;
; Analysis & Synthesis Message Level                                         ; Medium             ; Medium             ;
; Disable Register Merging Across Hierarchies                                ; Auto               ; Auto               ;
; Resource Aware Inference For Block RAM                                     ; On                 ; On                 ;
; Synthesis Seed                                                             ; 1                  ; 1                  ;
+----------------------------------------------------------------------------+--------------------+--------------------+


Parallel compilation was disabled, but you have multiple processors available. Enable parallel compilation to reduce compilation time.
+-------------------------------------+
; Parallel Compilation                ;
+----------------------------+--------+
; Processors                 ; Number ;
+----------------------------+--------+
; Number detected on machine ; 8      ;
; Maximum allowed            ; 1      ;
+----------------------------+--------+


+---------------------------------------------------------------------------------------------------------------------------------+
; Analysis & Synthesis Source Files Read                                                                                          ;
+----------------------------------+-----------------+-----------------+------------------------------------------------+---------+
; File Name with User-Entered Path ; Used in Netlist ; File Type       ; File Name with Absolute Path                   ; Library ;
+----------------------------------+-----------------+-----------------+------------------------------------------------+---------+
; writeToSD.vhd                    ; yes             ; User VHDL File  ; /media/Internal31/IREECE/Code/writeToSD.vhd    ;         ;
; topLevel.vhd                     ; yes             ; User VHDL File  ; /media/Internal31/IREECE/Code/topLevel.vhd     ;         ;
; clockDivider.vhd                 ; yes             ; User VHDL File  ; /media/Internal31/IREECE/Code/clockDivider.vhd ;         ;
+----------------------------------+-----------------+-----------------+------------------------------------------------+---------+


+-------------------------------------------------------------------------+
; Analysis & Synthesis Resource Usage Summary                             ;
+---------------------------------------------+---------------------------+
; Resource                                    ; Usage                     ;
+---------------------------------------------+---------------------------+
; Estimated Total logic elements              ; 561                       ;
;                                             ;                           ;
; Total combinational functions               ; 561                       ;
; Logic element usage by number of LUT inputs ;                           ;
;     -- 4 input functions                    ; 252                       ;
;     -- 3 input functions                    ; 149                       ;
;     -- <=2 input functions                  ; 160                       ;
;                                             ;                           ;
; Logic elements by mode                      ;                           ;
;     -- normal mode                          ; 348                       ;
;     -- arithmetic mode                      ; 213                       ;
;                                             ;                           ;
; Total registers                             ; 175                       ;
;     -- Dedicated logic registers            ; 175                       ;
;     -- I/O registers                        ; 0                         ;
;                                             ;                           ;
; I/O pins                                    ; 45                        ;
; Embedded Multiplier 9-bit elements          ; 0                         ;
; Maximum fan-out node                        ; clkDivider:clkDiv|tempClk ;
; Maximum fan-out                             ; 170                       ;
; Total fan-out                               ; 2295                      ;
; Average fan-out                             ; 2.94                      ;
+---------------------------------------------+---------------------------+


+--------------------------------------------------------------------------------------------------------------------------------------------------------------------------------------+
; Analysis & Synthesis Resource Utilization by Entity                                                                                                                                  ;
+----------------------------+-------------------+--------------+-------------+--------------+---------+-----------+------+--------------+------------------------------+--------------+
; Compilation Hierarchy Node ; LC Combinationals ; LC Registers ; Memory Bits ; DSP Elements ; DSP 9x9 ; DSP 18x18 ; Pins ; Virtual Pins ; Full Hierarchy Name          ; Library Name ;
+----------------------------+-------------------+--------------+-------------+--------------+---------+-----------+------+--------------+------------------------------+--------------+
; |writeToSD                 ; 561 (0)           ; 175 (0)      ; 0           ; 0            ; 0       ; 0         ; 45   ; 0            ; |writeToSD                   ; work         ;
;    |clkDivider:clkDiv|     ; 10 (10)           ; 8 (8)        ; 0           ; 0            ; 0       ; 0         ; 0    ; 0            ; |writeToSD|clkDivider:clkDiv ; work         ;
;    |writeData:wrtSD|       ; 551 (551)         ; 167 (167)    ; 0           ; 0            ; 0       ; 0         ; 0    ; 0            ; |writeToSD|writeData:wrtSD   ; work         ;
+----------------------------+-------------------+--------------+-------------+--------------+---------+-----------+------+--------------+------------------------------+--------------+
Note: For table entries with two numbers listed, the numbers in parentheses indicate the number of resources of the given type used by the specific entity alone. The numbers listed outside of parentheses indicate the total resources of the given type used by the specific entity and all of its sub-entities in the hierarchy.


+--------------------------------------------------------------------------------------------+
; Registers Removed During Synthesis                                                         ;
+------------------------------------------+-------------------------------------------------+
; Register name                            ; Reason for Removal                              ;
+------------------------------------------+-------------------------------------------------+
; writeData:wrtSD|dataGathered[22..4095]   ; Stuck at GND due to stuck port data_in          ;
; writeData:wrtSD|expectedResponse[1..4]   ; Merged with writeData:wrtSD|expectedResponse[5] ;
; writeData:wrtSD|cmd24[39]                ; Merged with writeData:wrtSD|currentAddress[31]  ;
; writeData:wrtSD|cmd24[38]                ; Merged with writeData:wrtSD|currentAddress[30]  ;
; writeData:wrtSD|cmd24[37]                ; Merged with writeData:wrtSD|currentAddress[29]  ;
; writeData:wrtSD|cmd24[36]                ; Merged with writeData:wrtSD|currentAddress[28]  ;
; writeData:wrtSD|cmd24[35]                ; Merged with writeData:wrtSD|currentAddress[27]  ;
; writeData:wrtSD|cmd24[34]                ; Merged with writeData:wrtSD|currentAddress[26]  ;
; writeData:wrtSD|cmd24[33]                ; Merged with writeData:wrtSD|currentAddress[25]  ;
; writeData:wrtSD|cmd24[32]                ; Merged with writeData:wrtSD|currentAddress[24]  ;
; writeData:wrtSD|cmd24[31]                ; Merged with writeData:wrtSD|currentAddress[23]  ;
; writeData:wrtSD|cmd24[30]                ; Merged with writeData:wrtSD|currentAddress[22]  ;
; writeData:wrtSD|cmd24[29]                ; Merged with writeData:wrtSD|currentAddress[21]  ;
; writeData:wrtSD|cmd24[28]                ; Merged with writeData:wrtSD|currentAddress[20]  ;
; writeData:wrtSD|cmd24[27]                ; Merged with writeData:wrtSD|currentAddress[19]  ;
; writeData:wrtSD|cmd24[26]                ; Merged with writeData:wrtSD|currentAddress[18]  ;
; writeData:wrtSD|cmd24[25]                ; Merged with writeData:wrtSD|currentAddress[17]  ;
; writeData:wrtSD|cmd24[24]                ; Merged with writeData:wrtSD|currentAddress[16]  ;
; writeData:wrtSD|cmd24[23]                ; Merged with writeData:wrtSD|currentAddress[15]  ;
; writeData:wrtSD|cmd24[22]                ; Merged with writeData:wrtSD|currentAddress[14]  ;
; writeData:wrtSD|cmd24[21]                ; Merged with writeData:wrtSD|currentAddress[13]  ;
; writeData:wrtSD|cmd24[20]                ; Merged with writeData:wrtSD|currentAddress[12]  ;
; writeData:wrtSD|cmd24[19]                ; Merged with writeData:wrtSD|currentAddress[11]  ;
; writeData:wrtSD|cmd24[18]                ; Merged with writeData:wrtSD|currentAddress[10]  ;
; writeData:wrtSD|cmd24[17]                ; Merged with writeData:wrtSD|currentAddress[9]   ;
; writeData:wrtSD|cmd24[8..14]             ; Merged with writeData:wrtSD|cmd24[15]           ;
; writeData:wrtSD|expectedResponse[5]      ; Stuck at GND due to stuck port data_in          ;
; writeData:wrtSD|dataGathered[0,8..21]    ; Stuck at GND due to stuck port data_in          ;
; writeData:wrtSD|cmd24[15]                ; Stuck at GND due to stuck port data_in          ;
; Total Number of Removed Registers = 4125 ;                                                 ;
+------------------------------------------+-------------------------------------------------+


+----------------------------------------------------------------------------------------------------------+
; Removed Registers Triggering Further Register Optimizations                                              ;
+-------------------------------------+---------------------------+----------------------------------------+
; Register name                       ; Reason for Removal        ; Registers Removed due to This Register ;
+-------------------------------------+---------------------------+----------------------------------------+
; writeData:wrtSD|expectedResponse[5] ; Stuck at GND              ; writeData:wrtSD|cmd24[15]              ;
;                                     ; due to stuck port data_in ;                                        ;
+-------------------------------------+---------------------------+----------------------------------------+


+------------------------------------------------------+
; General Register Statistics                          ;
+----------------------------------------------+-------+
; Statistic                                    ; Value ;
+----------------------------------------------+-------+
; Total registers                              ; 175   ;
; Number of registers using Synchronous Clear  ; 0     ;
; Number of registers using Synchronous Load   ; 57    ;
; Number of registers using Asynchronous Clear ; 0     ;
; Number of registers using Asynchronous Load  ; 0     ;
; Number of registers using Clock Enable       ; 39    ;
; Number of registers using Preset             ; 0     ;
+----------------------------------------------+-------+


+---------------------------------------------------+
; Inverted Register Statistics                      ;
+-----------------------------------------+---------+
; Inverted Register                       ; Fan out ;
+-----------------------------------------+---------+
; writeData:wrtSD|SD_DAT3                 ; 2       ;
; writeData:wrtSD|SD_CMD                  ; 4       ;
; writeData:wrtSD|bitsGathered[4]         ; 11      ;
; writeData:wrtSD|bitsGathered[0]         ; 10      ;
; writeData:wrtSD|bitsGathered[2]         ; 10      ;
; writeData:wrtSD|bitNum[5]               ; 8       ;
; writeData:wrtSD|bitNum[3]               ; 17      ;
; writeData:wrtSD|bitNum[1]               ; 11      ;
; writeData:wrtSD|bitNum[0]               ; 10      ;
; writeData:wrtSD|bitNum[2]               ; 12      ;
; writeData:wrtSD|responseFromSD[0]       ; 1       ;
; writeData:wrtSD|expectedResponse[0]     ; 1       ;
; writeData:wrtSD|responseFromSD[5]       ; 1       ;
; writeData:wrtSD|responseFromSD[4]       ; 1       ;
; writeData:wrtSD|responseFromSD[2]       ; 1       ;
; writeData:wrtSD|responseFromSD[3]       ; 1       ;
; writeData:wrtSD|responseFromSD[1]       ; 1       ;
; writeData:wrtSD|responseFromSD[6]       ; 1       ;
; writeData:wrtSD|currentAddress[8]       ; 2       ;
; Total number of inverted registers = 19 ;         ;
+-----------------------------------------+---------+


+-------------------------------------------------------------------------------------------------------------------------------------------------------------+
; Multiplexer Restructuring Statistics (Restructuring Performed)                                                                                              ;
+--------------------+-----------+---------------+----------------------+------------------------+------------+-----------------------------------------------+
; Multiplexer Inputs ; Bus Width ; Baseline Area ; Area if Restructured ; Saving if Restructured ; Registered ; Example Multiplexer Output                    ;
+--------------------+-----------+---------------+----------------------+------------------------+------------+-----------------------------------------------+
; 5:1                ; 27 bits   ; 81 LEs        ; 54 LEs               ; 27 LEs                 ; Yes        ; |writeToSD|writeData:wrtSD|bitNum[10]         ;
; 6:1                ; 32 bits   ; 128 LEs       ; 64 LEs               ; 64 LEs                 ; Yes        ; |writeToSD|writeData:wrtSD|state[27]          ;
; 7:1                ; 23 bits   ; 92 LEs        ; 23 LEs               ; 69 LEs                 ; Yes        ; |writeToSD|writeData:wrtSD|currentAddress[18] ;
; 6:1                ; 29 bits   ; 116 LEs       ; 58 LEs               ; 58 LEs                 ; Yes        ; |writeToSD|writeData:wrtSD|bitsGathered[19]   ;
; 5:1                ; 5 bits    ; 15 LEs        ; 10 LEs               ; 5 LEs                  ; Yes        ; |writeToSD|writeData:wrtSD|bitNum[0]          ;
; 6:1                ; 3 bits    ; 12 LEs        ; 6 LEs                ; 6 LEs                  ; Yes        ; |writeToSD|writeData:wrtSD|bitsGathered[0]    ;
; 6:1                ; 32 bits   ; 128 LEs       ; 64 LEs               ; 64 LEs                 ; No         ; |writeToSD|writeData:wrtSD|Selector4154       ;
; 9:1                ; 32 bits   ; 192 LEs       ; 64 LEs               ; 128 LEs                ; No         ; |writeToSD|writeData:wrtSD|Selector4117       ;
; 9:1                ; 8 bits    ; 48 LEs        ; 8 LEs                ; 40 LEs                 ; No         ; |writeToSD|writeData:wrtSD|Selector4172       ;
+--------------------+-----------+---------------+----------------------+------------------------+------------+-----------------------------------------------+


+---------------------------------------------------------------------------------------------------------------------------+
; Port Connectivity Checks: "writeData:wrtSD"                                                                               ;
+-----------------+--------+----------+-------------------------------------------------------------------------------------+
; Port            ; Type   ; Severity ; Details                                                                             ;
+-----------------+--------+----------+-------------------------------------------------------------------------------------+
; datatransferred ; Input  ; Info     ; Stuck at VCC                                                                        ;
; data            ; Input  ; Info     ; Stuck at GND                                                                        ;
; ledg            ; Output ; Info     ; Connected to dangling logic. Logic that only feeds a dangling port will be removed. ;
+-----------------+--------+----------+-------------------------------------------------------------------------------------+


+-----------------------------------------------+
; Port Connectivity Checks: "clkDivider:clkDiv" ;
+-------+-------+----------+--------------------+
; Port  ; Type  ; Severity ; Details            ;
+-------+-------+----------+--------------------+
; reset ; Input ; Info     ; Stuck at GND       ;
+-------+-------+----------+--------------------+


+-------------------------------+
; Elapsed Time Per Partition    ;
+----------------+--------------+
; Partition Name ; Elapsed Time ;
+----------------+--------------+
; Top            ; 00:00:06     ;
+----------------+--------------+


+-------------------------------+
; Analysis & Synthesis Messages ;
+-------------------------------+
Info: *******************************************************************
Info: Running Quartus II 64-Bit Analysis & Synthesis
    Info: Version 13.0.1 Build 232 06/12/2013 Service Pack 1 SJ Web Edition
    Info: Processing started: Sat Jul 19 18:45:36 2014
Info: Command: quartus_map --read_settings_files=on --write_settings_files=off writeToSD -c writeToSD
Warning (20028): Parallel compilation is not licensed and has been disabled
Info (12021): Found 2 design units, including 1 entities, in source file writeToSD.vhd
    Info (12022): Found design unit 1: writeData-writeData
    Info (12023): Found entity 1: writeData
Info (12021): Found 2 design units, including 1 entities, in source file topLevel.vhd
    Info (12022): Found design unit 1: writeToSD-writeToSD
    Info (12023): Found entity 1: writeToSD
Info (12021): Found 2 design units, including 1 entities, in source file clockDivider.vhd
    Info (12022): Found design unit 1: clkDivider-clkDivider
    Info (12023): Found entity 1: clkDivider
Info (12021): Found 2 design units, including 1 entities, in source file setToSpi.vhd
    Info (12022): Found design unit 1: setToSpi-setToSpi
    Info (12023): Found entity 1: setToSpi
Info (12127): Elaborating entity "writeToSD" for the top level hierarchy
Warning (10541): VHDL Signal Declaration warning at topLevel.vhd(14): used implicit default value for signal "ledg" because signal was never assigned a value or an explicit default value. Use of implicit default value may introduce unintended design optimizations.
Warning (10873): Using initial value X (don't care) for net "gpio_1[8]" at topLevel.vhd(12)
Warning (10873): Using initial value X (don't care) for net "gpio_1[6]" at topLevel.vhd(12)
Warning (10873): Using initial value X (don't care) for net "gpio_1[4]" at topLevel.vhd(12)
Warning (10873): Using initial value X (don't care) for net "gpio_1[2]" at topLevel.vhd(12)
Info (12128): Elaborating entity "clkDivider" for hierarchy "clkDivider:clkDiv"
Info (12128): Elaborating entity "writeData" for hierarchy "writeData:wrtSD"
Warning (10541): VHDL Signal Declaration warning at writeToSD.vhd(17): used implicit default value for signal "pin1" because signal was never assigned a value or an explicit default value. Use of implicit default value may introduce unintended design optimizations.
Warning (10541): VHDL Signal Declaration warning at writeToSD.vhd(18): used implicit default value for signal "pin5" because signal was never assigned a value or an explicit default value. Use of implicit default value may introduce unintended design optimizations.
Warning (10540): VHDL Signal Declaration warning at writeToSD.vhd(21): used explicit default value for signal "ledg" because signal was never assigned a value
Warning (13024): Output pins are stuck at VCC or GND
    Warning (13410): Pin "gpio_1[1]" is stuck at GND
    Warning (13410): Pin "gpio_1[2]" is stuck at GND
    Warning (13410): Pin "gpio_1[4]" is stuck at GND
    Warning (13410): Pin "gpio_1[5]" is stuck at GND
    Warning (13410): Pin "gpio_1[6]" is stuck at GND
    Warning (13410): Pin "gpio_1[8]" is stuck at GND
    Warning (13410): Pin "ledg[0]" is stuck at GND
    Warning (13410): Pin "ledg[1]" is stuck at GND
    Warning (13410): Pin "ledg[2]" is stuck at GND
    Warning (13410): Pin "ledg[3]" is stuck at GND
    Warning (13410): Pin "ledg[4]" is stuck at GND
    Warning (13410): Pin "ledg[5]" is stuck at GND
    Warning (13410): Pin "ledg[6]" is stuck at GND
    Warning (13410): Pin "ledg[7]" is stuck at GND
    Warning (13410): Pin "ledg[8]" is stuck at GND
Info (16010): Generating hard_block partition "hard_block:auto_generated_inst"
    Info (16011): Adding 0 node(s), including 0 DDIO, 0 PLL, 0 transceiver and 0 LCELL
Warning (21074): Design contains 4 input pin(s) that do not drive logic
    Warning (15610): No output dependent on input pin "key[0]"
    Warning (15610): No output dependent on input pin "key[1]"
    Warning (15610): No output dependent on input pin "key[2]"
    Warning (15610): No output dependent on input pin "key[3]"
Info (21057): Implemented 643 device resources after synthesis - the final resource count might be different
    Info (21058): Implemented 6 input pins
    Info (21059): Implemented 39 output pins
    Info (21061): Implemented 598 logic cells
Info: Quartus II 64-Bit Analysis & Synthesis was successful. 0 errors, 30 warnings
    Info: Peak virtual memory: 724 megabytes
    Info: Processing ended: Sat Jul 19 18:45:53 2014
    Info: Elapsed time: 00:00:17
    Info: Total CPU time (on all processors): 00:00:15


